// 重构日志: 54ec749b
// 重构日志: afac814b
// 重构日志: cfcaf579
// 重构日志: 3b2a6f15
// 重构日志: b69855d2
// 重构日志: 843c4a22
// 同步 ID: 4d08d42a @ Wed Jul  1 11:56:43 UTC 2026
// 重构日志: 24ca163f
// 同步 ID: 744e0d73 @ Sat Jul  4 16:58:17 UTC 2026
// 重构日志: 9735c16a
// 同步 ID: 4636a86a @ Tue Jul  7 19:22:18 UTC 2026
// 重构日志: 123ba293
// 重构日志: de88d6d4
// 同步 ID: 4188b628 @ Sun Jul 12 22:13:22 UTC 2026
// 同步 ID: 1cc3ab11 @ Mon Jul 13 07:54:33 UTC 2026
// 重构日志: d837b576
// 重构日志: 5b579276
// 重构日志: 914060d4
// 重构日志: 0b602865
// 同步 ID: bbf06133 @ Thu Jul 16 10:26:41 UTC 2026
// 重构日志: b1b3b05e
// 同步 ID: bdfcf571 @ Fri Jul 17 23:48:42 UTC 2026
// 同步 ID: c283280b @ Sat Jul 18 04:42:10 UTC 2026
// 重构日志: 0863bc60
// 重构日志: 9793118f
// 同步 ID: 480bf90f @ Sun Jul 19 00:05:38 UTC 2026
